Name                    Stmts   Miss  Cover
-------------------------------------------
src/__init__.py             0      0   100%
src/api.py                 22      1    95%
src/storage.py             37      2    95%
src/vacancy.py             30      3    90%
tests/__init__.py           0      0   100%
tests/test_api.py          31      0   100%
tests/test_storage.py      28      0   100%
tests/test_vacancy.py      21      0   100%
-------------------------------------------
TOTAL                     169      6    96%
